Vivado Simulator 2015.4
Time resolution is 1 ps
out: 0, ans: 0
out: 0, ans: 0
out: 0, ans: 0
out: 0, ans: 0
out: 0, ans: 0
out: 0, ans: 0
out: 0, ans: 0
out: 0, ans: 0
out: 0, ans: 0
out: 0, ans: 0
out: 0, ans: 0
out: 0, ans: 0
out: 0, ans: 0
out: 0, ans: 0
out: 1, ans: 1
out: 0, ans: 0
out: 0, ans: 0
out: 0, ans: 0
out: 0, ans: 0
out: 1, ans: 1
out: 0, ans: 0
out: 0, ans: 0
out: 0, ans: 0
out: 0, ans: 0
out: 0, ans: 0
out: 1, ans: 1
out: 0, ans: 0
out: 0, ans: 0
out: 0, ans: 0
out: 0, ans: 0
out: 0, ans: 0
out: 0, ans: 0
out: 0, ans: 0
out: 0, ans: 0
out: 0, ans: 0
out: 0, ans: 0
out: 0, ans: 0
out: 0, ans: 0
out: 0, ans: 0
out: 1, ans: 1
out: 0, ans: 0
out: 0, ans: 0
out: 0, ans: 0
out: 0, ans: 0
out: 1, ans: 1
out: 0, ans: 0
out: 1, ans: 1
out: 0, ans: 0
out: 0, ans: 0
out: 0, ans: 0
out: 0, ans: 0
out: 0, ans: 0
out: 0, ans: 0
out: 0, ans: 0
out: 0, ans: 0
out: 0, ans: 0
out: 0, ans: 0
out: 0, ans: 0
out: 0, ans: 0
out: 0, ans: 0
out: 0, ans: 0
out: 0, ans: 0
out: 0, ans: 0
out: 1, ans: 1
out: 0, ans: 0
out: 0, ans: 0
out: 0, ans: 0
out: 0, ans: 0
out: 0, ans: 0
out: 0, ans: 0
out: 0, ans: 0
out: 1, ans: 1
out: 0, ans: 0
out: 0, ans: 0
out: 0, ans: 0
out: 0, ans: 0
out: 0, ans: 0
out: 0, ans: 0
out: 0, ans: 0
out: 0, ans: 0
out: 0, ans: 0
out: 0, ans: 0
out: 0, ans: 0
out: 1, ans: 1
out: 0, ans: 0
out: 1, ans: 1
out: 0, ans: 0
out: 1, ans: 1
out: 0, ans: 0
out: 0, ans: 0
out: 0, ans: 0
out: 0, ans: 0
out: 1, ans: 1
out: 0, ans: 0
out: 1, ans: 1
out: 0, ans: 0
out: 0, ans: 0
out: 0, ans: 0
out: 1, ans: 1
out: 0, ans: 0
out: 0, ans: 0
out: 0, ans: 0
out: 0, ans: 0
out: 0, ans: 0
out: 0, ans: 0
out: 0, ans: 0
out: 0, ans: 0
out: 0, ans: 0
out: 0, ans: 0
out: 0, ans: 0
out: 0, ans: 0
out: 0, ans: 0
out: 1, ans: 1
out: 0, ans: 0
out: 0, ans: 0
out: 0, ans: 0
out: 0, ans: 0
out: 0, ans: 0
out: 0, ans: 0
out: 0, ans: 0
out: 0, ans: 0
out: 0, ans: 0
out: 0, ans: 0
out: 0, ans: 0
out: 1, ans: 1
out: 0, ans: 0
out: 0, ans: 0
out: 1, ans: 1
Passed = 128, Failed = 0
$finish called at time : 131 ns : File "C:/Users/ECE/Desktop/SNU430.322/project2/project2.srcs/sim_1/imports/lab02_verilog/010_tb.v" Line 66
